[01:12:03] [main/INFO]: Loading for game Minecraft 1.17.1
[01:12:04] [main/WARN]: Warnings were found! 
 - Mod 'GBfabrictools' (gbfabrictools) recommends any version of mod modmenu, which is missing!
	 - You must install any version of modmenu.
 - Mod 'Giselbaers Durability Viewer' (durabilityviewer) recommends any version of mod modmenu, which is missing!
	 - You must install any version of modmenu.
 - Mod 'Giselbaers Durability Viewer' (durabilityviewer) recommends version 1.1.7 or later of mod modupdater, which is missing!
	 - You must install version 1.1.7 or later of modupdater.
[01:12:04] [main/INFO]: [FabricLoader] Loading 90 mods:
	- appleskin@mc1.17-2.1.2
	- architectury@2.3.24
	- cardinal-components-base@3.1.1
	- cardinal-components-entity@3.1.1
	- cloth-basic-math@0.5.1
	- cloth-config2@5.0.38
	- crowdin-translate@1.3+1.17
	- dashloader@2.0
	- durabilityviewer@1.17.1-fabric0.36.1-1.10.1
	- fabric@0.37.2+1.17
	- fabric-api-base@0.3.0+a02b446318
	- fabric-api-lookup-api-v1@1.2.0+2b5c62d018
	- fabric-biome-api-v1@3.1.11+c345aea818
	- fabric-blockrenderlayer-v1@1.1.5+a02b446318
	- fabric-command-api-v1@1.1.3+5ab9934c18
	- fabric-commands-v0@0.2.2+92519afa18
	- fabric-containers-v0@0.1.12+a02b446318
	- fabric-content-registries-v0@0.2.4+2e8bd82f18
	- fabric-crash-report-info-v1@0.1.5+be9da31018
	- fabric-dimensions-v1@2.0.11+6cefd57718
	- fabric-entity-events-v1@1.1.0+a02b446318
	- fabric-events-interaction-v0@0.4.9+a722d8c018
	- fabric-events-lifecycle-v0@0.2.1+92519afa18
	- fabric-game-rule-api-v1@1.0.7+6cefd57718
	- fabric-item-api-v1@1.2.4+a02b446318
	- fabric-item-groups-v0@0.2.10+b7ab612118
	- fabric-key-binding-api-v1@1.0.4+a02b446318
	- fabric-keybindings-v0@0.2.2+36b77c3e18
	- fabric-language-kotlin@1.6.3+kotlin.1.5.21
	- fabric-lifecycle-events-v1@1.4.4+a02b446318
	- fabric-loot-tables-v1@1.0.4+a02b446318
	- fabric-mining-levels-v0@0.1.3+92519afa18
	- fabric-models-v0@0.3.0+a02b446318
	- fabric-networking-api-v1@1.0.13+2e8bd82f18
	- fabric-networking-blockentity-v0@0.2.11+a02b446318
	- fabric-networking-v0@0.3.2+92519afa18
	- fabric-object-builder-api-v1@1.10.9+b7ab612118
	- fabric-object-builders-v0@0.7.3+a02b446318
	- fabric-particles-v1@0.2.4+a02b446318
	- fabric-permissions-api-v0@0.1-SNAPSHOT
	- fabric-registry-sync-v0@0.7.10+e2961fee18
	- fabric-renderer-api-v1@0.4.4+5f02c96918
	- fabric-renderer-indigo@0.4.8+a02b446318
	- fabric-renderer-registries-v1@3.2.0+a02b446318
	- fabric-rendering-data-attachment-v1@0.1.5+a02b446318
	- fabric-rendering-fluids-v1@0.1.13+a02b446318
	- fabric-rendering-v0@1.1.2+92519afa18
	- fabric-rendering-v1@1.7.0+2e8bd82f18
	- fabric-resource-loader-v0@0.4.8+a00e834b18
	- fabric-screen-api-v1@1.0.4+155f865c18
	- fabric-screen-handler-api-v1@1.1.8+a02b446318
	- fabric-structure-api-v1@1.1.13+5ab9934c18
	- fabric-tag-extensions-v0@1.1.4+a02b446318
	- fabric-textures-v0@1.0.6+a02b446318
	- fabric-tool-attribute-api-v1@1.2.12+b7ab612118
	- fabric-tpa@3.0.1
	- fabric-transfer-api-v1@1.0.0+3fe3c3f518
	- fabricloader@0.11.6
	- fallflyinglib@3.0.0-beta.2
	- fallingtree@2.12.2
	- gbfabrictools@1.3.4+1.17
	- io_activej_activej-codegen@4.3
	- io_activej_activej-serializer@4.3
	- java@16
	- lithium@0.7.3
	- minecraft@1.17.1
	- offlineskins@1.17.1-v1-fabric
	- omega-config@1.0.8
	- org_jetbrains_kotlin_kotlin-reflect@1.5.21
	- org_jetbrains_kotlin_kotlin-stdlib@1.5.21
	- org_jetbrains_kotlin_kotlin-stdlib-jdk7@1.5.21
	- org_jetbrains_kotlin_kotlin-stdlib-jdk8@1.5.21
	- org_jetbrains_kotlinx_kotlinx-coroutines-core-jvm@1.5.1
	- org_jetbrains_kotlinx_kotlinx-coroutines-jdk8@1.5.1
	- org_jetbrains_kotlinx_kotlinx-serialization-core-jvm@1.2.2
	- org_jetbrains_kotlinx_kotlinx-serialization-json-jvm@1.2.2
	- org_slf4j_slf4j-api@1.7.29
	- org_yaml_snakeyaml@1.27
	- playerabilitylib@1.3.0
	- reborncore@5.0.5-beta+build.85
	- repurposed_structures@2.2.0+1.17.1
	- roughlyenoughitems@6.0.262-alpha
	- team_reborn_energy@0.1.1
	- techreborn@5.0.5-beta+build.85
	- trade@1.2.1
	- voicechat@1.17.1-1.1.4
	- waystones@2.0.2
	- winged@1.17.1-3.0.0
	- xaerominimap@21.14.1
	- yungsapi@1.17-Fabric-15
[01:12:04] [main/WARN]: Mod `appleskin` (mc1.17-2.1.2) does not respect SemVer - comparison support is limited.
[01:12:09] [main/INFO]: SpongePowered MIXIN Subsystem Version=0.8.2 Source=file:/C:/Users/Zmirro/AppData/Roaming/.minecraft/libraries/net/fabricmc/sponge-mixin/0.9.4+mixin.0.8.2/sponge-mixin-0.9.4+mixin.0.8.2.jar Service=Knot/Fabric Env=CLIENT
[01:12:09] [main/INFO]: Compatibility level set to JAVA_16
[01:12:14] [main/INFO]: Loaded configuration file for Lithium: 80 options available, 0 override(s) found
[01:12:14] [main/WARN]: @Mixin target net/minecraft/class_2474$class_5124 is public in fabric-tag-extensions-v0.mixins.json:MixinObjectBuilder and should be specified in value
[01:12:15] [main/WARN]: Error loading class: me/shedaniel/rei/impl/client/gui/fabric/ScreenOverlayImplImpl (java.lang.ClassNotFoundException: me/shedaniel/rei/impl/client/gui/fabric/ScreenOverlayImplImpl)
[01:12:15] [main/WARN]: @Mixin target me.shedaniel.rei.impl.client.gui.fabric.ScreenOverlayImplImpl was not found appleskin.mixins.json:REITooltipMixin
[01:12:15] [main/WARN]: @Mixin target net/minecraft/class_3218$class_5526 is public in fabric-lifecycle-events-v1.mixins.json:ServerWorldEntityLoaderMixin and should be specified in value
[01:12:15] [main/WARN]: @Mixin target net/minecraft/class_3898$class_3208 is public in fabric-networking-api-v1.mixins.json:accessor.EntityTrackerAccessor and should be specified in value
[01:12:15] [main/WARN]: @Mixin target net/minecraft/class_702$class_4090 is public in fabric-particles-v1.mixins.json:ParticleManagerAccessor$SimpleSpriteProviderAccessor and should be specified in value
[01:12:15] [main/INFO]: Created DashLoader
[01:12:15] [main/INFO]: Created DashLoader
[01:12:15] [main/INFO]: Initializing DashLoader 2.0.
[01:12:15] [main/INFO]: Added custom DashObject: MODEL DashBasicBakedModel
[01:12:15] [main/INFO]: Added custom DashObject: MODEL DashBuiltinBakedModel
[01:12:15] [main/INFO]: Added custom DashObject: MODEL DashMultipartBakedModel
[01:12:15] [main/INFO]: Added custom DashObject: MODEL DashWeightedBakedModel
[01:12:15] [main/INFO]: Added custom DashObject: PREDICATE DashAndPredicate
[01:12:15] [main/INFO]: Added custom DashObject: PREDICATE DashOrPredicate
[01:12:15] [main/INFO]: Added custom DashObject: PREDICATE DashSimplePredicate
[01:12:15] [main/INFO]: Added custom DashObject: PROPERTY DashBooleanProperty
[01:12:15] [main/INFO]: Added custom DashObject: PROPERTY DashDirectionProperty
[01:12:15] [main/INFO]: Added custom DashObject: PROPERTY DashEnumProperty
[01:12:15] [main/INFO]: Added custom DashObject: PROPERTY DashIntProperty
[01:12:15] [main/INFO]: Added custom DashObject: PROPERTY_VALUE DashBooleanValue
[01:12:15] [main/INFO]: Added custom DashObject: PROPERTY_VALUE DashDirectionValue
[01:12:15] [main/INFO]: Added custom DashObject: PROPERTY_VALUE DashEnumValue
[01:12:15] [main/INFO]: Added custom DashObject: PROPERTY_VALUE DashIntValue
[01:12:15] [main/INFO]: Added custom DashObject: FONT DashBitmapFont
[01:12:15] [main/INFO]: Added custom DashObject: FONT DashBlankFont
[01:12:15] [main/INFO]: Added custom DashObject: FONT DashTrueTypeFont
[01:12:15] [main/INFO]: Added custom DashObject: FONT DashUnicodeFont
[01:12:15] [ForkJoinPool.commonPool-worker-11/INFO]: Added custom DashObject: MODEL DashDynamicBucketBakedModel
[01:12:15] [ForkJoinPool.commonPool-worker-11/INFO]: Added custom DashObject: MODEL DashDynamicCellBakedModel
[01:12:16] [main/INFO]: [412ms] Initialized api.
[01:12:17] [main/INFO]: Created Serializer io.activej.serializer.BinarySerializer_1
[01:12:17] [main/INFO]: Created Serializer io.activej.serializer.BinarySerializer_2
[01:12:17] [main/INFO]: Created Serializer io.activej.serializer.BinarySerializer_3
[01:12:17] [main/INFO]: Created Serializer io.activej.serializer.BinarySerializer_4
[01:12:17] [main/INFO]: [1775.0ms] Initialized Serializers
[01:12:17] [main/INFO]: Initialized DashLoader
[01:12:25] [Render thread/INFO]: Environment: authHost='https://authserver.mojang.com', accountsHost='https://api.mojang.com', sessionHost='https://sessionserver.mojang.com', servicesHost='https://api.minecraftservices.com', name='PROD'
[01:12:26] [Render thread/ERROR]: Failed to verify authentication
com.mojang.authlib.exceptions.InvalidCredentialsException: Status: 401
	at com.mojang.authlib.exceptions.MinecraftClientHttpException.toAuthenticationException(MinecraftClientHttpException.java:56) ~[authlib-2.3.31.jar:?]
	at com.mojang.authlib.yggdrasil.YggdrasilSocialInteractionsService.checkPrivileges(YggdrasilSocialInteractionsService.java:112) ~[authlib-2.3.31.jar:?]
	at com.mojang.authlib.yggdrasil.YggdrasilSocialInteractionsService.<init>(YggdrasilSocialInteractionsService.java:42) ~[authlib-2.3.31.jar:?]
	at com.mojang.authlib.yggdrasil.YggdrasilAuthenticationService.createSocialInteractionsService(YggdrasilAuthenticationService.java:151) ~[authlib-2.3.31.jar:?]
	at net.minecraft.class_310.method_31382(class_310.java:670) [intermediary-fabric-loader-0.11.6-1.17.1.jar:?]
	at net.minecraft.class_310.<init>(class_310.java:429) [intermediary-fabric-loader-0.11.6-1.17.1.jar:?]
	at net.minecraft.client.main.Main.main(Main.java:179) [intermediary-fabric-loader-0.11.6-1.17.1.jar:?]
	at jdk.internal.reflect.NativeMethodAccessorImpl.invoke0(Native Method) ~[?:?]
	at jdk.internal.reflect.NativeMethodAccessorImpl.invoke(NativeMethodAccessorImpl.java:78) ~[?:?]
	at jdk.internal.reflect.DelegatingMethodAccessorImpl.invoke(DelegatingMethodAccessorImpl.java:43) ~[?:?]
	at java.lang.reflect.Method.invoke(Method.java:567) ~[?:?]
	at net.fabricmc.loader.game.MinecraftGameProvider.launch(MinecraftGameProvider.java:234) [fabric-loader-0.11.6.jar:?]
	at net.fabricmc.loader.launch.knot.Knot.launch(Knot.java:153) [fabric-loader-0.11.6.jar:?]
	at net.fabricmc.loader.launch.knot.KnotClient.main(KnotClient.java:28) [fabric-loader-0.11.6.jar:?]
Caused by: com.mojang.authlib.exceptions.MinecraftClientHttpException: Status: 401
	at com.mojang.authlib.minecraft.client.MinecraftClient.readInputStream(MinecraftClient.java:77) ~[authlib-2.3.31.jar:?]
	at com.mojang.authlib.minecraft.client.MinecraftClient.get(MinecraftClient.java:47) ~[authlib-2.3.31.jar:?]
	at com.mojang.authlib.yggdrasil.YggdrasilSocialInteractionsService.checkPrivileges(YggdrasilSocialInteractionsService.java:104) ~[authlib-2.3.31.jar:?]
	... 12 more
[01:12:26] [Render thread/INFO]: Setting user: dmitriy_zmirro
[01:12:26] [Render thread/INFO]: [Fabric-Waystones] is initializing.
[01:12:26] [Render thread/INFO]: [Fabric-Waystones] has successfully been initialized.
[01:12:26] [Render thread/INFO]: [Fabric-Waystones] If you have any issues or questions, feel free to join our Discord: https://discord.gg/vMjzgS4.
[01:12:27] [Render thread/INFO]: Reborn core is done for now, now to let other mods have their turn...
[01:12:27] [Render thread/INFO]: Initializing...
[01:12:27] [Render thread/WARN]: @Inject(@At("INVOKE")) Shift.BY=3 on fabric-lifecycle-events-v1.mixins.json:client.WorldChunkMixin::handler$zpc000$onLoadBlockEntity exceeds the maximum allowed value: 0. Increase the value of maxShiftBy to suppress this warning.
[01:12:31] [Render thread/INFO]: TechReborn setup done!
[01:12:31] [Render thread/INFO]: Compatibility version 9
[01:12:32] [Render thread/INFO]: Config loaded.
[01:12:32] [Render thread/INFO]: Registered plugin provider ReiPlugin [techreborn] for REIPlugin
[01:12:32] [Render thread/INFO]: Registered plugin provider DefaultPlugin [roughlyenoughitems] for REIPlugin
[01:12:32] [Render thread/INFO]: Registered plugin provider DefaultRuntimePlugin [roughlyenoughitems] for REIPlugin
[01:12:32] [Render thread/INFO]: Registered plugin provider DefaultClientPlugin [roughlyenoughitems] for REIPlugin
[01:12:32] [Render thread/INFO]: Registered plugin provider DefaultClientRuntimePlugin [roughlyenoughitems] for REIPlugin
[01:12:33] [Render thread/INFO]: Registered plugin provider REIPlugin [winged] for REIPlugin
[01:12:33] [Render thread/INFO]: Registered plugin provider DefaultPlugin [roughlyenoughitems] for REIServerPlugin
[01:12:33] [Render thread/INFO]: Registered plugin provider DefaultRuntimePlugin [roughlyenoughitems] for REIServerPlugin
[01:12:34] [Render thread/INFO]: [Indigo] Registering Indigo renderer!
[01:12:34] [Render thread/INFO]: Registered plugin provider ReiPlugin [techreborn] for REIClientPlugin
[01:12:34] [Render thread/INFO]: Registered plugin provider DefaultClientPlugin [roughlyenoughitems] for REIClientPlugin
[01:12:34] [Render thread/INFO]: Registered plugin provider DefaultClientRuntimePlugin [roughlyenoughitems] for REIClientPlugin
[01:12:34] [Render thread/INFO]: Registered plugin provider REIPlugin [winged] for REIClientPlugin
[01:12:34] [Render thread/INFO]: Loading Xaero's Minimap - Stage 1/2
[01:12:35] [Render thread/INFO]: Backend library: LWJGL version 3.2.2 build 10
[01:12:38] [Render thread/WARN]: Fabric NioResourcePack: ignored invalid namespace: FabricTPA in mod ID fabric-tpa
[01:12:40] [Render thread/INFO]: Narrator library for x64 successfully loaded
[01:12:40] [Render thread/INFO]: Reloading ResourceManager: Default, Fabric Mods (FallFlyingLib, Fabric Renderer API (v1), Fabric Key Bindings (v0), GBfabrictools, Fabric Loader, Fabric Structure API (v1), Fabric Containers (v0), Lithium, Fabric Dimensions API (v1), Fabric Object Builder API (v1), Fabric Game Rule API (v1), Fabric API Base, Waystones, Reborn Core, Fabric Rendering Data Attachment (v1), Fabric Textures (v0), Fabric Rendering Fluids (v1), Pal, Fabric BlockRenderLayer Registration (v1), Fabric Lifecycle Events (v1), Fabric Renderer Registries (v1), Fabric Loot Tables (v1), Fabric API, Fabric Particles (v1), Fabric Networking (v0), Tech Reborn, Fabric API Lookup API (v1), Fabric Networking Block Entity (v0), Fabric Screen Handler API (v1), Simple Voice Chat, Repurposed Structures, Fabric Command API (v1), DashLoader, Fabric Screen API (v1), Fabric Tool Attribute API (v1), Fabric Renderer - Indigo, Fabric Item API (v1), Fabric Crash Report Info (v1), Fabric Events Interaction (v0), Roughly Enough Items, Fabric Language Kotlin, Fabric Entity Events (v1), Xaero's Minimap, Fabric Rendering (v0), Fabric Key Binding API (v1), Fabric Rendering (v1), Cloth Config v5, Fabric Resource Loader (v0), Winged Mod, Fabric Content Registries (v0), Fabric Tag Extensions (v0), Fabric Biome API (v1), AppleSkin, Fabric Commands (v0), Fabric Registry Sync (v0), Giselbaers Durability Viewer, Fabric Mining Levels (v0), Fabric Networking API (v1), FallingTree, Trade, Fabric Events Lifecycle (v0), Fabric Item Groups (v0), Fabric Models (v0), Fabric Object Builders (v0), Energy)
[01:12:40] [Render thread/INFO]: [STDOUT]: Inject generated resource packs.
[01:12:40] [Render thread/INFO]: Reloading DashLoader. [mod-hash: f6f1] [resource-hash: 6bf]
[01:12:40] [Render thread/INFO]: Reloaded DashLoader
[01:12:41] [Render thread/INFO]: Loading Xaero's Minimap - Stage 2/2
[01:12:41] [Render thread/INFO]: [STDOUT]: No Optifine!
[01:12:41] [Realms Notification Availability checker #1/INFO]: Could not authorize you against Realms server: Invalid session id
[01:12:48] [Worker-Main-11/WARN]: Unused frames in sprite techreborn:block/machines/generators/watermill_side_on: [20, 21, 22, 23, 24, 25, 26, 27, 28, 29, 30, 31]
[01:12:48] [Worker-Main-13/WARN]: Unused frames in sprite techreborn:block/machines/generators/watermill_top_on: [20, 21, 22, 23, 24, 25, 26, 27, 28, 29]
[01:12:49] [Render thread/INFO]: OpenAL initialized.
[01:12:49] [Render thread/INFO]: Sound engine started
[01:12:50] [Render thread/INFO]: DashLoader not loaded, Initializing minecraft ModelLoader to create assets for caching.
[01:12:50] [Render thread/INFO]: Created: 2048x1024x4 minecraft:textures/atlas/blocks.png-atlas
[01:12:50] [Render thread/INFO]: Created: 256x128x4 minecraft:textures/atlas/signs.png-atlas
[01:12:50] [Render thread/INFO]: Created: 1024x512x4 minecraft:textures/atlas/banner_patterns.png-atlas
[01:12:50] [Render thread/INFO]: Created: 1024x512x4 minecraft:textures/atlas/shield_patterns.png-atlas
[01:12:50] [Render thread/INFO]: Created: 256x256x4 minecraft:textures/atlas/chest.png-atlas
[01:12:50] [Render thread/INFO]: Created: 512x256x4 minecraft:textures/atlas/beds.png-atlas
[01:12:50] [Render thread/INFO]: Created: 512x256x4 minecraft:textures/atlas/shulker_boxes.png-atlas
[01:12:55] [Render thread/INFO]: Created: 256x256x0 minecraft:textures/atlas/particles.png-atlas
[01:12:55] [Render thread/INFO]: Created: 256x256x0 minecraft:textures/atlas/paintings.png-atlas
[01:12:55] [Render thread/INFO]: Created: 256x128x0 minecraft:textures/atlas/mob_effects.png-atlas
[01:12:55] [Render thread/INFO]: [STDOUT]: Successfully reloaded the minimap shaders!
[01:12:55] [Render thread/INFO]: **********************[Minecraft Samples]**********************
[01:12:55] [Render thread/INFO]: --- [5.7s] Bootstrap
[01:12:55] [Render thread/INFO]: *********************[DashLoader Samples]*********************
[01:12:55] [Render thread/INFO]: --- [1809ms] Initialization
[01:12:55] [Render thread/INFO]: --- [2ms] Reload
[01:12:55] [Render thread/INFO]: *************************[Launch Time]*************************
[01:12:55] [Render thread/INFO]: --- [40.6s] From beginning
[01:12:55] [Render thread/INFO]: --- [37.7s] From Bootstrap
[01:12:55] [Render thread/INFO]: --- [32.0s] After Bootstrap
[01:12:55] [Render thread/INFO]: --- [15.1s] From reload
[01:12:55] [Render thread/INFO]: ***********************[DashReport End]***********************
[01:12:56] [Thread-96/INFO]: Mapping Blockstates
[01:12:56] [Thread-96/INFO]: Mapping Models
[01:12:58] [Thread-96/INFO]: Mapping Atlas
[01:12:58] [Thread-96/INFO]: Mapping Particles
[01:12:58] [Thread-96/INFO]: Mapping Fonts
[01:13:04] [Thread-96/INFO]: Mapping Splash Text
[01:13:04] [Thread-96/INFO]: Mapping Shaders
[01:13:04] [Thread-96/INFO]:   Starting Cache Serialization.
[01:13:04] [Thread-96/INFO]:     Finished Cache Serialization.
[01:13:04] [Thread-96/INFO]:   Starting Image Cache Serialization.
[01:13:04] [Thread-96/INFO]:     Finished Image Cache Serialization.
[01:13:04] [Thread-96/INFO]:   Starting Model Cache Serialization.
[01:13:05] [Thread-96/INFO]:     Finished Model Cache Serialization.
[01:13:05] [Thread-96/INFO]:   Starting Mapping Serialization.
[01:13:05] [Thread-96/INFO]:     Finished Mapping Serialization.
[01:13:05] [Thread-96/INFO]: Created cache in 9.7s
[01:13:12] [Render thread/INFO]: Connecting to localhost, 25565
[01:13:15] [Netty Client IO #1/INFO]: Applied 589 biome modifications to 81 of 81 new biomes in 606.1 ms
[01:13:15] [Render thread/INFO]: [STDOUT]: New minimap session initialized!
[01:13:15] [Render thread/INFO]: Environment: authHost='https://authserver.mojang.com', accountsHost='https://api.mojang.com', sessionHost='https://sessionserver.mojang.com', servicesHost='https://api.minecraftservices.com', name='PROD'
[01:13:15] [Render thread/INFO]: Sending secret request to the server
[01:13:16] [Render thread/INFO]: [STDERR]: java.lang.NullPointerException: Entry type minecraft:item doesn't exist!
[01:13:16] [Render thread/INFO]: [STDERR]: 	at me.shedaniel.rei.impl.common.entry.type.EntryTypeDeferred.getDefinition(EntryTypeDeferred.java:60)
[01:13:16] [Render thread/INFO]: [STDERR]: 	at me.shedaniel.rei.api.common.entry.EntryStack.of(EntryStack.java:64)
[01:13:16] [Render thread/INFO]: [STDERR]: 	at me.shedaniel.rei.api.common.util.EntryStacks.of(EntryStacks.java:57)
[01:13:16] [Render thread/INFO]: [STDERR]: 	at java.base/java.util.stream.ReferencePipeline$3$1.accept(ReferencePipeline.java:197)
[01:13:16] [Render thread/INFO]: [STDERR]: 	at java.base/java.util.Iterator.forEachRemaining(Iterator.java:133)
[01:13:16] [Render thread/INFO]: [STDERR]: 	at java.base/java.util.Spliterators$IteratorSpliterator.forEachRemaining(Spliterators.java:1801)
[01:13:16] [Render thread/INFO]: [STDERR]: 	at java.base/java.util.stream.ReferencePipeline$Head.forEach(ReferencePipeline.java:762)
[01:13:16] [Render thread/INFO]: [STDERR]: 	at java.base/java.util.stream.ReferencePipeline$7$1.accept(ReferencePipeline.java:276)
[01:13:16] [Render thread/INFO]: [STDERR]: 	at java.base/java.util.Spliterators$ArraySpliterator.forEachRemaining(Spliterators.java:948)
[01:13:16] [Render thread/INFO]: [STDERR]: 	at java.base/java.util.stream.AbstractPipeline.copyInto(AbstractPipeline.java:484)
[01:13:16] [Render thread/INFO]: [STDERR]: 	at java.base/java.util.stream.AbstractPipeline.wrapAndCopyInto(AbstractPipeline.java:474)
[01:13:16] [Render thread/INFO]: [STDERR]: 	at java.base/java.util.stream.ReduceOps$ReduceOp.evaluateSequential(ReduceOps.java:913)
[01:13:16] [Render thread/INFO]: [STDERR]: 	at java.base/java.util.stream.AbstractPipeline.evaluate(AbstractPipeline.java:234)
[01:13:16] [Render thread/INFO]: [STDERR]: 	at java.base/java.util.stream.LongPipeline.collect(LongPipeline.java:515)
[01:13:16] [Render thread/INFO]: [STDERR]: 	at me.shedaniel.rei.impl.client.ClientHelperImpl._getInventoryItemsTypes(ClientHelperImpl.java:239)
[01:13:16] [Render thread/INFO]: [STDERR]: 	at me.shedaniel.rei.impl.client.gui.craftable.CraftableFilter.tick(CraftableFilter.java:58)
[01:13:16] [Render thread/INFO]: [STDERR]: 	at me.shedaniel.rei.impl.client.gui.ScreenOverlayImpl.tick(ScreenOverlayImpl.java:143)
[01:13:16] [Render thread/INFO]: [STDERR]: 	at me.shedaniel.rei.impl.client.REIRuntimeImpl.lambda$onInitializeClient$1(REIRuntimeImpl.java:226)
[01:13:16] [Render thread/INFO]: [STDERR]: 	at dev.architectury.event.fabric.EventHandlerImpl.lambda$registerClient$3(EventHandlerImpl.java:52)
[01:13:16] [Render thread/INFO]: [STDERR]: 	at net.fabricmc.fabric.api.client.event.lifecycle.v1.ClientTickEvents.lambda$static$2(ClientTickEvents.java:65)
[01:13:16] [Render thread/INFO]: [STDERR]: 	at net.minecraft.class_310.handler$zpb000$onEndTick(class_310.java:6073)
[01:13:16] [Render thread/INFO]: [STDERR]: 	at net.minecraft.class_310.method_1574(class_310.java:1806)
[01:13:16] [Render thread/INFO]: [STDERR]: 	at net.minecraft.class_310.method_1523(class_310.java:1081)
[01:13:16] [Render thread/INFO]: [STDERR]: 	at net.minecraft.class_310.method_1514(class_310.java:728)
[01:13:16] [Render thread/INFO]: [STDERR]: 	at net.minecraft.client.main.Main.main(Main.java:217)
[01:13:16] [Render thread/INFO]: [STDERR]: 	at java.base/jdk.internal.reflect.NativeMethodAccessorImpl.invoke0(Native Method)
[01:13:16] [Render thread/INFO]: [STDERR]: 	at java.base/jdk.internal.reflect.NativeMethodAccessorImpl.invoke(NativeMethodAccessorImpl.java:78)
[01:13:16] [Render thread/INFO]: [STDERR]: 	at java.base/jdk.internal.reflect.DelegatingMethodAccessorImpl.invoke(DelegatingMethodAccessorImpl.java:43)
[01:13:16] [Render thread/INFO]: [STDERR]: 	at java.base/java.lang.reflect.Method.invoke(Method.java:567)
[01:13:16] [Render thread/INFO]: [STDERR]: 	at net.fabricmc.loader.game.MinecraftGameProvider.launch(MinecraftGameProvider.java:234)
[01:13:16] [Render thread/INFO]: [STDERR]: 	at net.fabricmc.loader.launch.knot.Knot.launch(Knot.java:153)
[01:13:16] [Render thread/INFO]: [STDERR]: 	at net.fabricmc.loader.launch.knot.KnotClient.main(KnotClient.java:28)
[01:13:16] [Render thread/INFO]: [STDOUT]: No Iris!
[01:13:16] [Render thread/INFO]: [STDOUT]: No Iris!
[01:13:16] [Render thread/INFO]: [STDOUT]: Reloading entity icon resources...
[01:13:16] [Render thread/INFO]: [STDOUT]: Done!
[01:13:16] [Render thread/INFO]: DurabilityViewer did not find Trinkets API
[01:13:16] [REI-ReloadPlugins/INFO]: Reloading Plugin Manager [REIPlugin], registered 6 plugins: ReiPlugin, DefaultRuntimePlugin, DefaultClientRuntimePlugin, REIPlugin, DefaultPlugin, DefaultClientPlugin
[01:13:16] [REI-ReloadPlugins/INFO]: Reloaded Plugin Manager [REIPlugin] with 2 entry types, 6 item comparators, 0 fluid comparators and 2 fluid support providers in 73ms.
[01:13:16] [REI-ReloadPlugins/INFO]: Reloading Plugin Manager [REIClientPlugin], registered 4 plugins: ReiPlugin, DefaultClientRuntimePlugin, REIPlugin, DefaultClientPlugin
[01:13:17] [REI-ReloadPlugins/INFO]: Reloaded Plugin Manager [REIClientPlugin] with 2244 entries, 25549 displays, 0 display visibility predicates, 42 categories (Создание, Плавление, Копчение, Выплавка, Прожарка, Камнерезка, Топливо, Зельеварение, Компостирование, Обработка, Ковка, Основа для маяка, Оплата Маяка, Тайлинг, Патчинг, Информация, Wingcrafting, Электрическая плавильная печь, Сборочная машина, Доменная печь, Промышленная центрифуга, Химический реактор, Компрессор, Дистилляционная колонна, Экстрактор, Жидкостный репликатор, Термоядерный реактор, Дробилка, Компрессор внутреннего взрыва, Промышленный электролизер, Промышленная дробилка, Промышленная пилорама, Прокатный станок, Коробка с мусором, Консервирующая машина, Вакуумный морозильник, Проволочный станок, Термогенератор, Газовый генератор, Дизельный генератор, Полужидкостный генератор, Плазменный генератор), 5 exclusion zones and 4 overlay deciders in 407ms.
[01:13:17] [REI-ReloadPlugins/INFO]: Reloading Plugin Manager [REIServerPlugin], registered 2 plugins: DefaultRuntimePlugin, DefaultPlugin
[01:13:17] [REI-ReloadPlugins/INFO]: Reloaded Plugin Manager [REIServerPlugin] with 4 menu infos in 7ms.
[01:13:18] [Render thread/INFO]: Loaded 55 advancements
[01:13:18] [Render thread/INFO]: Received secret
[01:13:18] [Render thread/INFO]: Connecting to server: 'localhost:24454'
[01:13:18] [VoiceChatAuthenticationThread/INFO]: Trying to authenticate voice connection
[01:13:18] [Render thread/INFO]: Setting sample rate to 48000 Hz, codec to VOIP and frame size to 1920 bytes
[01:13:18] [VoiceChatClientThread/INFO]: Server acknowledged authentication
[01:19:54] [Render thread/INFO]: Disconnecting client
[01:19:54] [Render thread/INFO]: [STDOUT]: Minimap session finalized.
[01:19:56] [Render thread/INFO]: Stopping!
